[skip] BABYDOGEUSDT – feature parquet missing → skipping long/15m
[skip] BABYDOGEUSDT – feature parquet missing → skipping short/15m
[skip] BABYDOGEUSDT – feature parquet missing → skipping long/60m
[skip] BABYDOGEUSDT – feature parquet missing → skipping short/60m
[skip] DATAGTUSDT – feature parquet missing → skipping long/15m
[skip] DATAGTUSDT – feature parquet missing → skipping short/15m
[skip] DATAGTUSDT – feature parquet missing → skipping long/60m
[skip] DATAGTUSDT – feature parquet missing → skipping short/60m
[skip] ELOMUSDT – feature parquet missing → skipping long/15m
[skip] ELOMUSDT – feature parquet missing → skipping short/15m
[skip] ELOMUSDT – feature parquet missing → skipping long/60m
[skip] ELOMUSDT – feature parquet missing → skipping short/60m
[skip] KEYUSDT – feature parquet missing → skipping long/15m
[skip] KEYUSDT – feature parquet missing → skipping short/15m
[skip] KEYUSDT – feature parquet missing → skipping long/60m
[skip] KEYUSDT – feature parquet missing → skipping short/60m
[skip] KNCUSDT – feature parquet missing → skipping long/15m
[skip] KNCUSDT – feature parquet missing → skipping short/15m
[skip] KNCUSDT – feature parquet missing → skipping long/60m
[skip] KNCUSDT – feature parquet missing → skipping short/60m
[skip] KSMUSDT – feature parquet missing → skipping long/15m
[skip] KSMUSDT – feature parquet missing → skipping short/15m
[skip] KSMUSDT – feature parquet missing → skipping long/60m
[skip] KSMUSDT – feature parquet missing → skipping short/60m
[skip] LAZIOUSDT – feature parquet missing → skipping long/15m
[skip] LAZIOUSDT – feature parquet missing → skipping short/15m
[skip] LAZIOUSDT – feature parquet missing → skipping long/60m
[skip] LAZIOUSDT – feature parquet missing → skipping short/60m
[skip] LLDOUSDT – feature parquet missing → skipping long/15m
[skip] LLDOUSDT – feature parquet missing → skipping short/15m
[skip] LLDOUSDT – feature parquet missing → skipping long/60m
[skip] LLDOUSDT – feature parquet missing → skipping short/60m
[skip] LOOKSUSDT – feature parquet missing → skipping long/15m
[skip] LOOKSUSDT – feature parquet missing → skipping short/15m
[skip] LOOKSUSDT – feature parquet missing → skipping long/60m
[skip] LOOKSUSDT – feature parquet missing → skipping short/60m
[skip] LRCUSDT – feature parquet missing → skipping long/15m
[skip] LRCUSDT – feature parquet missing → skipping short/15m
[skip] LRCUSDT – feature parquet missing → skipping long/60m
[skip] LRCUSDT – feature parquet missing → skipping short/60m
[skip] SAMOYEDCOINUSDT – feature parquet missing → skipping long/15m
[skip] SAMOYEDCOINUSDT – feature parquet missing → skipping short/15m
[skip] SAMOYEDCOINUSDT – feature parquet missing → skipping long/60m
[skip] SAMOYEDCOINUSDT – feature parquet missing → skipping short/60m
[skip] SPARTAUSDT – feature parquet missing → skipping long/15m
[skip] SPARTAUSDT – feature parquet missing → skipping short/15m
[skip] SPARTAUSDT – feature parquet missing → skipping long/60m
[skip] SPARTAUSDT – feature parquet missing → skipping short/60m
[skip] STORMXUSDT – feature parquet missing → skipping long/15m
[skip] STORMXUSDT – feature parquet missing → skipping short/15m
[skip] STORMXUSDT – feature parquet missing → skipping long/60m
[skip] STORMXUSDT – feature parquet missing → skipping short/60m
[skip] TWUSDT – feature parquet missing → skipping long/15m
[skip] TWUSDT – feature parquet missing → skipping short/15m
[skip] TWUSDT – feature parquet missing → skipping long/60m
[skip] TWUSDT – feature parquet missing → skipping short/60m
[info] training jobs queued: 284; running with 4 parallel workers …
[+] saved model → /root/crypto-models/models/M-M_long_15/model.pkl | ROC-AUC=0.657
[warn] AUCTIONUSDT not enough samples (53) – skipping model.
[warn] AUCTIONUSDT not enough samples (53) – skipping model.
[warn] AUCTIONUSDT not enough samples (51) – skipping model.
[warn] AUCTIONUSDT not enough samples (51) – skipping model.
[warn] AUTOUSDT not enough samples (52) – skipping model.
[+] saved model → /root/crypto-models/models/M-M_short_15/model.pkl | ROC-AUC=0.5543
[warn] AUTOUSDT not enough samples (52) – skipping model.
[warn] AUTOUSDT not enough samples (50) – skipping model.
[warn] AUTOUSDT not enough samples (50) – skipping model.
[warn] BAKEUSDT not enough samples (53) – skipping model.
[warn] BAKEUSDT not enough samples (53) – skipping model.
[warn] BAKEUSDT not enough samples (51) – skipping model.
[warn] BAKEUSDT not enough samples (51) – skipping model.
[warn] BALUSDT not enough samples (52) – skipping model.
[warn] BALUSDT not enough samples (52) – skipping model.
[warn] BALUSDT not enough samples (50) – skipping model.
[warn] BALUSDT not enough samples (50) – skipping model.
[warn] BANDUSDT not enough samples (53) – skipping model.
[warn] BANDUSDT not enough samples (53) – skipping model.
[warn] BANDUSDT not enough samples (51) – skipping model.
[warn] BANDUSDT not enough samples (51) – skipping model.
[warn] BEAMUSDT not enough samples (52) – skipping model.
[warn] BEAMUSDT not enough samples (52) – skipping model.
[warn] BEAMUSDT not enough samples (50) – skipping model.
[warn] BEAMUSDT not enough samples (50) – skipping model.
[warn] BETAUSDT not enough samples (52) – skipping model.
[warn] BETAUSDT not enough samples (52) – skipping model.
[warn] BETAUSDT not enough samples (50) – skipping model.
[warn] BETAUSDT not enough samples (50) – skipping model.
[warn] BNTUSDT not enough samples (53) – skipping model.
[warn] BNTUSDT not enough samples (53) – skipping model.
[warn] BNTUSDT not enough samples (51) – skipping model.
[warn] BNTUSDT not enough samples (51) – skipping model.
[warn] BNXUSDT not enough samples (52) – skipping model.
[warn] BNXUSDT not enough samples (52) – skipping model.
[warn] BNXUSDT not enough samples (50) – skipping model.
[warn] BNXUSDT not enough samples (50) – skipping model.
[warn] BURGERUSDT not enough samples (52) – skipping model.
[warn] BURGERUSDT not enough samples (52) – skipping model.
[warn] BURGERUSDT not enough samples (50) – skipping model.
[warn] BURGERUSDT not enough samples (50) – skipping model.
[warn] CAKEUSDT not enough samples (53) – skipping model.
[warn] CAKEUSDT not enough samples (53) – skipping model.
[warn] CAKEUSDT not enough samples (51) – skipping model.
[warn] CAKEUSDT not enough samples (51) – skipping model.
[warn] CELOUSDT not enough samples (53) – skipping model.
[warn] CELOUSDT not enough samples (53) – skipping model.
[warn] CELOUSDT not enough samples (51) – skipping model.
[warn] CELOUSDT not enough samples (51) – skipping model.
[warn] CITYUSDT not enough samples (53) – skipping model.
[warn] CITYUSDT not enough samples (53) – skipping model.
[warn] CITYUSDT not enough samples (51) – skipping model.
[warn] CITYUSDT not enough samples (51) – skipping model.
[warn] COCOSUSDT not enough samples (52) – skipping model.
[warn] COCOSUSDT not enough samples (52) – skipping model.
[warn] COCOSUSDT not enough samples (50) – skipping model.
[warn] COCOSUSDT not enough samples (50) – skipping model.
[warn] COOKIEUSDT not enough samples (53) – skipping model.
[warn] COOKIEUSDT not enough samples (53) – skipping model.
[warn] COOKIEUSDT not enough samples (51) – skipping model.
[warn] COOKIEUSDT not enough samples (51) – skipping model.
[warn] COSUSDT not enough samples (53) – skipping model.
[warn] COSUSDT not enough samples (53) – skipping model.
[warn] COSUSDT not enough samples (51) – skipping model.
[warn] COSUSDT not enough samples (51) – skipping model.
[warn] COTIUSDT not enough samples (53) – skipping model.
[warn] COTIUSDT not enough samples (53) – skipping model.
[warn] COTIUSDT not enough samples (51) – skipping model.
[warn] COTIUSDT not enough samples (51) – skipping model.
[warn] CRVUSDT not enough samples (53) – skipping model.
[warn] CRVUSDT not enough samples (53) – skipping model.
[warn] CRVUSDT not enough samples (51) – skipping model.
[warn] CRVUSDT not enough samples (51) – skipping model.
[warn] CTSIUSDT not enough samples (53) – skipping model.
[warn] CTSIUSDT not enough samples (53) – skipping model.
[warn] CTSIUSDT not enough samples (51) – skipping model.
[warn] CTSIUSDT not enough samples (51) – skipping model.
[warn] CVPUSDT not enough samples (52) – skipping model.
[warn] CVPUSDT not enough samples (52) – skipping model.
[warn] CVPUSDT not enough samples (50) – skipping model.
[warn] CVPUSDT not enough samples (50) – skipping model.
[warn] DARUSDT not enough samples (52) – skipping model.
[warn] DARUSDT not enough samples (52) – skipping model.
[warn] DARUSDT not enough samples (50) – skipping model.
[warn] DARUSDT not enough samples (50) – skipping model.
[warn] DENTUSDT not enough samples (53) – skipping model.
[warn] DENTUSDT not enough samples (53) – skipping model.
[warn] DENTUSDT not enough samples (51) – skipping model.
[warn] DENTUSDT not enough samples (51) – skipping model.
[warn] DREPUSDT not enough samples (52) – skipping model.
[warn] DREPUSDT not enough samples (52) – skipping model.
[warn] DREPUSDT not enough samples (50) – skipping model.
[warn] DREPUSDT not enough samples (50) – skipping model.
[warn] DUSKUSDT not enough samples (53) – skipping model.
[warn] DUSKUSDT not enough samples (53) – skipping model.
[warn] DUSKUSDT not enough samples (51) – skipping model.
[warn] DUSKUSDT not enough samples (51) – skipping model.
[warn] EOSUSDT not enough samples (52) – skipping model.
[warn] EOSUSDT not enough samples (52) – skipping model.
[warn] EOSUSDT not enough samples (50) – skipping model.
[warn] EOSUSDT not enough samples (50) – skipping model.
[warn] EPXUSDT not enough samples (52) – skipping model.
[warn] EPXUSDT not enough samples (52) – skipping model.
[warn] EPXUSDT not enough samples (50) – skipping model.
[warn] EPXUSDT not enough samples (50) – skipping model.
[warn] FIDAUSDT not enough samples (53) – skipping model.
[warn] FIDAUSDT not enough samples (53) – skipping model.
[warn] FIDAUSDT not enough samples (51) – skipping model.
[warn] FIDAUSDT not enough samples (51) – skipping model.
[warn] FIROUSDT not enough samples (52) – skipping model.
[warn] FIROUSDT not enough samples (52) – skipping model.
[warn] FIROUSDT not enough samples (50) – skipping model.
[warn] FIROUSDT not enough samples (50) – skipping model.
[warn] FISUSDT not enough samples (53) – skipping model.
[warn] FISUSDT not enough samples (53) – skipping model.
[warn] FISUSDT not enough samples (51) – skipping model.
[warn] FISUSDT not enough samples (51) – skipping model.
[warn] FRONTUSDT not enough samples (52) – skipping model.
[warn] FRONTUSDT not enough samples (52) – skipping model.
[warn] FRONTUSDT not enough samples (50) – skipping model.
[warn] FRONTUSDT not enough samples (50) – skipping model.
[warn] FTMUSDT not enough samples (52) – skipping model.
[warn] FTMUSDT not enough samples (52) – skipping model.
[warn] FTMUSDT not enough samples (50) – skipping model.
[warn] FTMUSDT not enough samples (50) – skipping model.
[warn] FTTUSDT not enough samples (53) – skipping model.
[warn] FTTUSDT not enough samples (53) – skipping model.
[warn] FTTUSDT not enough samples (51) – skipping model.
[warn] FTTUSDT not enough samples (51) – skipping model.
[warn] GLMUSDT not enough samples (53) – skipping model.
[warn] GLMUSDT not enough samples (53) – skipping model.
[+] saved model → /root/crypto-models/models/M-M_long_60/model.pkl | ROC-AUC=0.6253
[warn] GLMUSDT not enough samples (51) – skipping model.
[warn] GLMUSDT not enough samples (51) – skipping model.
[warn] GRTUSDT not enough samples (53) – skipping model.
[warn] GRTUSDT not enough samples (53) – skipping model.
[warn] GRTUSDT not enough samples (51) – skipping model.
[warn] GRTUSDT not enough samples (51) – skipping model.
[warn] HARDUSDT not enough samples (52) – skipping model.
[+] saved model → /root/crypto-models/models/M-M_short_60/model.pkl | ROC-AUC=0.5527
[warn] HARDUSDT not enough samples (52) – skipping model.
[warn] HARDUSDT not enough samples (50) – skipping model.
[warn] HARDUSDT not enough samples (50) – skipping model.
[warn] HOTUSDT not enough samples (53) – skipping model.
[warn] HOTUSDT not enough samples (53) – skipping model.
[warn] HOTUSDT not enough samples (51) – skipping model.
[warn] HOTUSDT not enough samples (51) – skipping model.
[warn] ICXUSDT not enough samples (53) – skipping model.
[warn] ICXUSDT not enough samples (53) – skipping model.
[warn] ICXUSDT not enough samples (51) – skipping model.
[warn] ICXUSDT not enough samples (51) – skipping model.
[warn] ILVUSDT not enough samples (53) – skipping model.
[warn] ILVUSDT not enough samples (53) – skipping model.
[warn] ILVUSDT not enough samples (51) – skipping model.
[warn] ILVUSDT not enough samples (51) – skipping model.
[warn] IOTXUSDT not enough samples (53) – skipping model.
[warn] IOTXUSDT not enough samples (53) – skipping model.
[warn] IOTXUSDT not enough samples (51) – skipping model.
[warn] IOTXUSDT not enough samples (51) – skipping model.
[warn] KAVAUSDT not enough samples (53) – skipping model.
[warn] KAVAUSDT not enough samples (53) – skipping model.
[warn] KAVAUSDT not enough samples (51) – skipping model.
[warn] KAVAUSDT not enough samples (51) – skipping model.
[warn] MATICUSDT not enough samples (52) – skipping model.
[warn] MATICUSDT not enough samples (52) – skipping model.
[warn] MATICUSDT not enough samples (50) – skipping model.
[warn] MATICUSDT not enough samples (50) – skipping model.
[warn] MINAUSDT not enough samples (53) – skipping model.
[warn] MINAUSDT not enough samples (53) – skipping model.
[warn] MINAUSDT not enough samples (51) – skipping model.
[warn] MINAUSDT not enough samples (51) – skipping model.
[warn] MOVRUSDT not enough samples (53) – skipping model.
[warn] MOVRUSDT not enough samples (53) – skipping model.
[warn] MOVRUSDT not enough samples (51) – skipping model.
[warn] MOVRUSDT not enough samples (51) – skipping model.
[warn] MTLUSDT not enough samples (53) – skipping model.
[warn] MTLUSDT not enough samples (53) – skipping model.
[warn] MTLUSDT not enough samples (51) – skipping model.
[warn] MTLUSDT not enough samples (51) – skipping model.
[warn] NKNUSDT not enough samples (53) – skipping model.
[warn] NKNUSDT not enough samples (53) – skipping model.
[warn] NKNUSDT not enough samples (51) – skipping model.
[warn] NKNUSDT not enough samples (51) – skipping model.
[warn] NUUSDT not enough samples (52) – skipping model.
[warn] NUUSDT not enough samples (50) – skipping model.
[warn] NUUSDT not enough samples (52) – skipping model.
[warn] NUUSDT not enough samples (50) – skipping model.
[warn] OCEANUSDT not enough samples (52) – skipping model.
[warn] OCEANUSDT not enough samples (52) – skipping model.
[warn] OCEANUSDT not enough samples (50) – skipping model.
[warn] OCEANUSDT not enough samples (50) – skipping model.
[warn] OGNUSDT not enough samples (53) – skipping model.
[warn] OGNUSDT not enough samples (53) – skipping model.
[warn] OGNUSDT not enough samples (51) – skipping model.
[warn] OGNUSDT not enough samples (51) – skipping model.
[warn] OXTUSDT not enough samples (53) – skipping model.
[warn] OXTUSDT not enough samples (53) – skipping model.
[warn] OXTUSDT not enough samples (51) – skipping model.
[warn] OXTUSDT not enough samples (51) – skipping model.
[warn] PSGUSDT not enough samples (53) – skipping model.
[warn] PSGUSDT not enough samples (53) – skipping model.
[warn] PSGUSDT not enough samples (51) – skipping model.
[warn] PSGUSDT not enough samples (51) – skipping model.
[warn] RADUSDT not enough samples (53) – skipping model.
[warn] RADUSDT not enough samples (53) – skipping model.
[warn] RADUSDT not enough samples (51) – skipping model.
[warn] RADUSDT not enough samples (51) – skipping model.
[warn] RAREUSDT not enough samples (53) – skipping model.
[warn] RAREUSDT not enough samples (51) – skipping model.
[warn] RAREUSDT not enough samples (53) – skipping model.
[warn] RAREUSDT not enough samples (51) – skipping model.
[warn] RENUSDT not enough samples (52) – skipping model.
[warn] RENUSDT not enough samples (52) – skipping model.
[warn] RENUSDT not enough samples (50) – skipping model.
[warn] RENUSDT not enough samples (50) – skipping model.
[warn] RGTUSDT not enough samples (52) – skipping model.
[warn] RGTUSDT not enough samples (52) – skipping model.
[warn] RGTUSDT not enough samples (50) – skipping model.
[warn] RGTUSDT not enough samples (50) – skipping model.
[warn] RUNEUSDT not enough samples (53) – skipping model.
[warn] RUNEUSDT not enough samples (53) – skipping model.
[warn] RUNEUSDT not enough samples (51) – skipping model.
[warn] RUNEUSDT not enough samples (51) – skipping model.
[warn] SKLUSDT not enough samples (53) – skipping model.
[warn] SKLUSDT not enough samples (53) – skipping model.
[warn] SKLUSDT not enough samples (51) – skipping model.
[warn] SKLUSDT not enough samples (51) – skipping model.
[warn] SNXUSDT not enough samples (53) – skipping model.
[warn] SNXUSDT not enough samples (53) – skipping model.
[warn] SNXUSDT not enough samples (51) – skipping model.
[warn] SNXUSDT not enough samples (51) – skipping model.
[warn] STORJUSDT not enough samples (53) – skipping model.
[warn] STORJUSDT not enough samples (53) – skipping model.
[warn] STORJUSDT not enough samples (51) – skipping model.
[warn] STORJUSDT not enough samples (51) – skipping model.
[warn] TLMUSDT not enough samples (53) – skipping model.
[warn] TLMUSDT not enough samples (53) – skipping model.
[warn] TLMUSDT not enough samples (51) – skipping model.
[warn] TLMUSDT not enough samples (51) – skipping model.
[warn] TOMOUSDT not enough samples (52) – skipping model.
[warn] TOMOUSDT not enough samples (52) – skipping model.
[warn] TOMOUSDT not enough samples (50) – skipping model.
[warn] TOMOUSDT not enough samples (50) – skipping model.
[warn] USTCUSDT not enough samples (53) – skipping model.
[warn] USTCUSDT not enough samples (53) – skipping model.
[warn] USTCUSDT not enough samples (51) – skipping model.
[warn] USTCUSDT not enough samples (51) – skipping model.
[warn] VOXELUSDT not enough samples (53) – skipping model.
[warn] VOXELUSDT not enough samples (53) – skipping model.
[warn] VOXELUSDT not enough samples (51) – skipping model.
[warn] VOXELUSDT not enough samples (51) – skipping model.
[warn] WAVESUSDT not enough samples (52) – skipping model.
[warn] WAVESUSDT not enough samples (52) – skipping model.
[warn] WAVESUSDT not enough samples (50) – skipping model.
[warn] WAVESUSDT not enough samples (50) – skipping model.
[warn] WAXPUSDT not enough samples (53) – skipping model.
[warn] WAXPUSDT not enough samples (53) – skipping model.
[warn] WAXPUSDT not enough samples (51) – skipping model.
[warn] WAXPUSDT not enough samples (51) – skipping model.
[warn] WINUSDT not enough samples (53) – skipping model.
[warn] WINUSDT not enough samples (51) – skipping model.
[warn] WINUSDT not enough samples (53) – skipping model.
[warn] WINUSDT not enough samples (51) – skipping model.
[warn] WTCUSDT not enough samples (52) – skipping model.
[warn] WTCUSDT not enough samples (52) – skipping model.
[warn] WTCUSDT not enough samples (50) – skipping model.
[warn] WTCUSDT not enough samples (50) – skipping model.
[warn] XTZUSDT not enough samples (53) – skipping model.
[warn] XTZUSDT not enough samples (53) – skipping model.
[warn] XTZUSDT not enough samples (51) – skipping model.
[warn] XTZUSDT not enough samples (51) – skipping model.
[warn] YFIUSDT not enough samples (53) – skipping model.
[warn] YFIUSDT not enough samples (53) – skipping model.
[warn] YFIUSDT not enough samples (51) – skipping model.
[warn] YFIUSDT not enough samples (51) – skipping model.
[warn] YGGUSDT not enough samples (53) – skipping model.
[warn] YGGUSDT not enough samples (53) – skipping model.
[warn] YGGUSDT not enough samples (51) – skipping model.
[warn] YGGUSDT not enough samples (51) – skipping model.
[warn] ZENUSDT not enough samples (53) – skipping model.
[warn] ZENUSDT not enough samples (53) – skipping model.
[warn] ZENUSDT not enough samples (51) – skipping model.
[warn] ZENUSDT not enough samples (51) – skipping model.
[✓] All training jobs finished
